<?xml version="1.0" encoding="UTF-8"?>
<testsuite name="me.spring_webflax_rest.controllers.CategoryControllerTest" tests="1" skipped="0" failures="1" errors="0" timestamp="2026-03-25T15:01:56" hostname="MacBook-Air-Galina.local" time="1.132">
  <properties/>
  <testcase name="list()" classname="me.spring_webflax_rest.controllers.CategoryControllerTest" time="1.132">
    <failure message="java.lang.AssertionError: Response body does not contain 3 elements expected:&lt;3&gt; but was:&lt;2&gt;" type="java.lang.AssertionError">java.lang.AssertionError: Response body does not contain 3 elements expected:&lt;3&gt; but was:&lt;2&gt;
	at org.springframework.test.util.AssertionErrors.fail(AssertionErrors.java:61)
	at org.springframework.test.util.AssertionErrors.assertEquals(AssertionErrors.java:128)
	at org.springframework.test.web.reactive.server.DefaultWebTestClient$DefaultListBodySpec.lambda$hasSize$0(DefaultWebTestClient.java:615)
	at org.springframework.test.web.reactive.server.ExchangeResult.assertWithDiagnostics(ExchangeResult.java:232)
	at org.springframework.test.web.reactive.server.DefaultWebTestClient$DefaultListBodySpec.hasSize(DefaultWebTestClient.java:614)
	at me.spring_webflax_rest.controllers.CategoryControllerTest.list(CategoryControllerTest.java:53)
	at java.base/java.lang.reflect.Method.invoke(Method.java:580)
	at java.base/java.util.ArrayList.forEach(ArrayList.java:1596)
	at java.base/java.util.ArrayList.forEach(ArrayList.java:1596)
</failure>
  </testcase>
  <system-out><![CDATA[18:01:57.636 [Test worker] ERROR org.springframework.test.web.reactive.server.ExchangeResult -- Request details for assertion failure:

> GET /api/vi/categories
> WebTestClient-Request-Id: [1]

No content

< 200 OK OK
< Content-Type: [application/json]

[{"id":"1","description":"Cat1"},{"id":"2","description":"Cat2"}]

]]></system-out>
  <system-err><![CDATA[Mockito is currently self-attaching to enable the inline-mock-maker. This will no longer work in future releases of the JDK. Please add Mockito as an agent to your build what is described in Mockito's documentation: https://javadoc.io/doc/org.mockito/mockito-core/latest/org/mockito/Mockito.html#0.3
WARNING: A Java agent has been loaded dynamically (/Users/galinazbitneva/.gradle/caches/modules-2/files-2.1/net.bytebuddy/byte-buddy-agent/1.15.11/a38b16385e867f59a641330f0362ebe742788ed8/byte-buddy-agent-1.15.11.jar)
WARNING: If a serviceability tool is in use, please run with -XX:+EnableDynamicAgentLoading to hide this warning
WARNING: If a serviceability tool is not in use, please run with -Djdk.instrument.traceUsage for more information
WARNING: Dynamic loading of agents will be disallowed by default in a future release
]]></system-err>
</testsuite>
